Determining if the pthread_create exist failed with the following output:
Change Dir: /home/tungxt/rosproject/src/morelab_robot_platform/CMakeFiles/CMakeTmp

Run Build Command:/usr/bin/make "cmTryCompileExec349144901/fast"
/usr/bin/make -f CMakeFiles/cmTryCompileExec349144901.dir/build.make CMakeFiles/cmTryCompileExec349144901.dir/build
make[1]: Entering directory `/home/tungxt/rosproject/src/morelab_robot_platform/CMakeFiles/CMakeTmp'
/usr/bin/cmake -E cmake_progress_report /home/tungxt/rosproject/src/morelab_robot_platform/CMakeFiles/CMakeTmp/CMakeFiles 1
Building C object CMakeFiles/cmTryCompileExec349144901.dir/CheckSymbolExists.c.o
/usr/bin/cc    -o CMakeFiles/cmTryCompileExec349144901.dir/CheckSymbolExists.c.o   -c /home/tungxt/rosproject/src/morelab_robot_platform/CMakeFiles/CMakeTmp/CheckSymbolExists.c
Linking C executable cmTryCompileExec349144901
/usr/bin/cmake -E cmake_link_script CMakeFiles/cmTryCompileExec349144901.dir/link.txt --verbose=1
/usr/bin/cc       CMakeFiles/cmTryCompileExec349144901.dir/CheckSymbolExists.c.o  -o cmTryCompileExec349144901 -rdynamic 
CMakeFiles/cmTryCompileExec349144901.dir/CheckSymbolExists.c.o: In function `main':
CheckSymbolExists.c:(.text+0xa): undefined reference to `pthread_create'
collect2: error: ld returned 1 exit status
make[1]: *** [cmTryCompileExec349144901] Error 1
make[1]: Leaving directory `/home/tungxt/rosproject/src/morelab_robot_platform/CMakeFiles/CMakeTmp'
make: *** [cmTryCompileExec349144901/fast] Error 2

File /home/tungxt/rosproject/src/morelab_robot_platform/CMakeFiles/CMakeTmp/CheckSymbolExists.c:
/* */
#include <pthread.h>

int main(int argc, char** argv)
{
  (void)argv;
#ifndef pthread_create
  return ((int*)(&pthread_create))[argc];
#else
  (void)argc;
  return 0;
#endif
}

Determining if the function pthread_create exists in the pthreads failed with the following output:
Change Dir: /home/tungxt/rosproject/src/morelab_robot_platform/CMakeFiles/CMakeTmp

Run Build Command:/usr/bin/make "cmTryCompileExec1476091367/fast"
/usr/bin/make -f CMakeFiles/cmTryCompileExec1476091367.dir/build.make CMakeFiles/cmTryCompileExec1476091367.dir/build
make[1]: Entering directory `/home/tungxt/rosproject/src/morelab_robot_platform/CMakeFiles/CMakeTmp'
/usr/bin/cmake -E cmake_progress_report /home/tungxt/rosproject/src/morelab_robot_platform/CMakeFiles/CMakeTmp/CMakeFiles 1
Building C object CMakeFiles/cmTryCompileExec1476091367.dir/CheckFunctionExists.c.o
/usr/bin/cc   -DCHECK_FUNCTION_EXISTS=pthread_create   -o CMakeFiles/cmTryCompileExec1476091367.dir/CheckFunctionExists.c.o   -c /usr/share/cmake-2.8/Modules/CheckFunctionExists.c
Linking C executable cmTryCompileExec1476091367
/usr/bin/cmake -E cmake_link_script CMakeFiles/cmTryCompileExec1476091367.dir/link.txt --verbose=1
/usr/bin/cc   -DCHECK_FUNCTION_EXISTS=pthread_create    CMakeFiles/cmTryCompileExec1476091367.dir/CheckFunctionExists.c.o  -o cmTryCompileExec1476091367 -rdynamic -lpthreads 
/usr/bin/ld: cannot find -lpthreads
collect2: error: ld returned 1 exit status
make[1]: *** [cmTryCompileExec1476091367] Error 1
make[1]: Leaving directory `/home/tungxt/rosproject/src/morelab_robot_platform/CMakeFiles/CMakeTmp'
make: *** [cmTryCompileExec1476091367/fast] Error 2


Determining if the function pthread_create exists in the pthreads failed with the following output:
Change Dir: /home/tungxt/rosproject/src/morelab_robot_platform/CMakeFiles/CMakeTmp

Run Build Command:/usr/bin/make "cmTryCompileExec/fast"
/usr/bin/make -f CMakeFiles/cmTryCompileExec.dir/build.make CMakeFiles/cmTryCompileExec.dir/build
make[1]: Entering directory `/home/tungxt/rosproject/src/morelab_robot_platform/CMakeFiles/CMakeTmp'
/usr/bin/cmake -E cmake_progress_report /home/tungxt/rosproject/src/morelab_robot_platform/CMakeFiles/CMakeTmp/CMakeFiles 1
Building C object CMakeFiles/cmTryCompileExec.dir/CheckFunctionExists.c.o
/usr/bin/gcc   -DCHECK_FUNCTION_EXISTS=pthread_create   -o CMakeFiles/cmTryCompileExec.dir/CheckFunctionExists.c.o   -c /usr/share/cmake-2.8/Modules/CheckFunctionExists.c
Linking C executable cmTryCompileExec
/usr/bin/cmake -E cmake_link_script CMakeFiles/cmTryCompileExec.dir/link.txt --verbose=1
/usr/bin/gcc     -DCHECK_FUNCTION_EXISTS=pthread_create    CMakeFiles/cmTryCompileExec.dir/CheckFunctionExists.c.o  -o cmTryCompileExec -rdynamic -lpthreads 
/usr/bin/ld: cannot find -lpthreads
collect2: ld returned 1 exit status
make[1]: *** [cmTryCompileExec] Error 1
make[1]: Leaving directory `/home/tungxt/rosproject/src/morelab_robot_platform/CMakeFiles/CMakeTmp'
make: *** [cmTryCompileExec/fast] Error 2


